Determining if the pthread_create exist failed with the following output:
Change Dir: /home/student/Documents/CPSC223/hw8/CMakeFiles/CMakeTmp

Run Build Command:"/usr/bin/make" "cmTC_1f91f/fast"
/usr/bin/make -f CMakeFiles/cmTC_1f91f.dir/build.make CMakeFiles/cmTC_1f91f.dir/build
make[1]: Entering directory '/home/student/Documents/CPSC223/hw8/CMakeFiles/CMakeTmp'
Building C object CMakeFiles/cmTC_1f91f.dir/CheckSymbolExists.c.o
/usr/bin/cc    -o CMakeFiles/cmTC_1f91f.dir/CheckSymbolExists.c.o   -c /home/student/Documents/CPSC223/hw8/CMakeFiles/CMakeTmp/CheckSymbolExists.c
Linking C executable cmTC_1f91f
/usr/bin/cmake -E cmake_link_script CMakeFiles/cmTC_1f91f.dir/link.txt --verbose=1
/usr/bin/cc      -rdynamic CMakeFiles/cmTC_1f91f.dir/CheckSymbolExists.c.o  -o cmTC_1f91f 
/usr/bin/ld: CMakeFiles/cmTC_1f91f.dir/CheckSymbolExists.c.o: in function `main':
CheckSymbolExists.c:(.text+0x1b): undefined reference to `pthread_create'
collect2: error: ld returned 1 exit status
make[1]: *** [CMakeFiles/cmTC_1f91f.dir/build.make:87: cmTC_1f91f] Error 1
make[1]: Leaving directory '/home/student/Documents/CPSC223/hw8/CMakeFiles/CMakeTmp'
make: *** [Makefile:121: cmTC_1f91f/fast] Error 2

File /home/student/Documents/CPSC223/hw8/CMakeFiles/CMakeTmp/CheckSymbolExists.c:
/* */
#include <pthread.h>

int main(int argc, char** argv)
{
  (void)argv;
#ifndef pthread_create
  return ((int*)(&pthread_create))[argc];
#else
  (void)argc;
  return 0;
#endif
}

Determining if the function pthread_create exists in the pthreads failed with the following output:
Change Dir: /home/student/Documents/CPSC223/hw8/CMakeFiles/CMakeTmp

Run Build Command:"/usr/bin/make" "cmTC_1b083/fast"
/usr/bin/make -f CMakeFiles/cmTC_1b083.dir/build.make CMakeFiles/cmTC_1b083.dir/build
make[1]: Entering directory '/home/student/Documents/CPSC223/hw8/CMakeFiles/CMakeTmp'
Building C object CMakeFiles/cmTC_1b083.dir/CheckFunctionExists.c.o
/usr/bin/cc   -DCHECK_FUNCTION_EXISTS=pthread_create   -o CMakeFiles/cmTC_1b083.dir/CheckFunctionExists.c.o   -c /usr/share/cmake-3.13/Modules/CheckFunctionExists.c
Linking C executable cmTC_1b083
/usr/bin/cmake -E cmake_link_script CMakeFiles/cmTC_1b083.dir/link.txt --verbose=1
/usr/bin/cc  -DCHECK_FUNCTION_EXISTS=pthread_create    -rdynamic CMakeFiles/cmTC_1b083.dir/CheckFunctionExists.c.o  -o cmTC_1b083 -lpthreads 
/usr/bin/ld: cannot find -lpthreads
collect2: error: ld returned 1 exit status
make[1]: *** [CMakeFiles/cmTC_1b083.dir/build.make:87: cmTC_1b083] Error 1
make[1]: Leaving directory '/home/student/Documents/CPSC223/hw8/CMakeFiles/CMakeTmp'
make: *** [Makefile:121: cmTC_1b083/fast] Error 2


Performing C SOURCE FILE Test CMAKE_HAVE_LIBC_PTHREAD failed with the following output:
Change Dir: /home/student/Documents/CPSC223/hw8/CMakeFiles/CMakeTmp

Run Build Command(s):/usr/bin/make cmTC_97aa4/fast && /usr/bin/make -f CMakeFiles/cmTC_97aa4.dir/build.make CMakeFiles/cmTC_97aa4.dir/build
make[1]: Entering directory '/home/student/Documents/CPSC223/hw8/CMakeFiles/CMakeTmp'
Building C object CMakeFiles/cmTC_97aa4.dir/src.c.o
/usr/bin/cc   -DCMAKE_HAVE_LIBC_PTHREAD   -o CMakeFiles/cmTC_97aa4.dir/src.c.o   -c /home/student/Documents/CPSC223/hw8/CMakeFiles/CMakeTmp/src.c
Linking C executable cmTC_97aa4
/snap/clion/92/bin/cmake/linux/bin/cmake -E cmake_link_script CMakeFiles/cmTC_97aa4.dir/link.txt --verbose=1
/usr/bin/cc  -DCMAKE_HAVE_LIBC_PTHREAD    -rdynamic CMakeFiles/cmTC_97aa4.dir/src.c.o  -o cmTC_97aa4 
/usr/bin/ld: CMakeFiles/cmTC_97aa4.dir/src.c.o: in function `main':
src.c:(.text+0x3e): undefined reference to `pthread_create'
/usr/bin/ld: src.c:(.text+0x4a): undefined reference to `pthread_detach'
/usr/bin/ld: src.c:(.text+0x5b): undefined reference to `pthread_join'
collect2: error: ld returned 1 exit status
make[1]: *** [CMakeFiles/cmTC_97aa4.dir/build.make:87: cmTC_97aa4] Error 1
make[1]: Leaving directory '/home/student/Documents/CPSC223/hw8/CMakeFiles/CMakeTmp'
make: *** [Makefile:121: cmTC_97aa4/fast] Error 2


Source file was:
#include <pthread.h>

void* test_func(void* data)
{
  return data;
}

int main(void)
{
  pthread_t thread;
  pthread_create(&thread, NULL, test_func, NULL);
  pthread_detach(thread);
  pthread_join(thread, NULL);
  pthread_atfork(NULL, NULL, NULL);
  pthread_exit(NULL);

  return 0;
}

