Determining if the pthread_create exist failed with the following output:
Change Dir: /home/student/Documents/CPSC223/hw5/CMakeFiles/CMakeTmp

Run Build Command:"/usr/bin/make" "cmTC_9d012/fast"
/usr/bin/make -f CMakeFiles/cmTC_9d012.dir/build.make CMakeFiles/cmTC_9d012.dir/build
make[1]: Entering directory '/home/student/Documents/CPSC223/hw5/CMakeFiles/CMakeTmp'
Building C object CMakeFiles/cmTC_9d012.dir/CheckSymbolExists.c.o
/usr/bin/cc    -o CMakeFiles/cmTC_9d012.dir/CheckSymbolExists.c.o   -c /home/student/Documents/CPSC223/hw5/CMakeFiles/CMakeTmp/CheckSymbolExists.c
Linking C executable cmTC_9d012
/usr/bin/cmake -E cmake_link_script CMakeFiles/cmTC_9d012.dir/link.txt --verbose=1
/usr/bin/cc      -rdynamic CMakeFiles/cmTC_9d012.dir/CheckSymbolExists.c.o  -o cmTC_9d012 
/usr/bin/ld: CMakeFiles/cmTC_9d012.dir/CheckSymbolExists.c.o: in function `main':
CheckSymbolExists.c:(.text+0x1b): undefined reference to `pthread_create'
collect2: error: ld returned 1 exit status
make[1]: *** [CMakeFiles/cmTC_9d012.dir/build.make:87: cmTC_9d012] Error 1
make[1]: Leaving directory '/home/student/Documents/CPSC223/hw5/CMakeFiles/CMakeTmp'
make: *** [Makefile:121: cmTC_9d012/fast] Error 2

File /home/student/Documents/CPSC223/hw5/CMakeFiles/CMakeTmp/CheckSymbolExists.c:
/* */
#include <pthread.h>

int main(int argc, char** argv)
{
  (void)argv;
#ifndef pthread_create
  return ((int*)(&pthread_create))[argc];
#else
  (void)argc;
  return 0;
#endif
}

Determining if the function pthread_create exists in the pthreads failed with the following output:
Change Dir: /home/student/Documents/CPSC223/hw5/CMakeFiles/CMakeTmp

Run Build Command:"/usr/bin/make" "cmTC_aeb90/fast"
/usr/bin/make -f CMakeFiles/cmTC_aeb90.dir/build.make CMakeFiles/cmTC_aeb90.dir/build
make[1]: Entering directory '/home/student/Documents/CPSC223/hw5/CMakeFiles/CMakeTmp'
Building C object CMakeFiles/cmTC_aeb90.dir/CheckFunctionExists.c.o
/usr/bin/cc   -DCHECK_FUNCTION_EXISTS=pthread_create   -o CMakeFiles/cmTC_aeb90.dir/CheckFunctionExists.c.o   -c /usr/share/cmake-3.13/Modules/CheckFunctionExists.c
Linking C executable cmTC_aeb90
/usr/bin/cmake -E cmake_link_script CMakeFiles/cmTC_aeb90.dir/link.txt --verbose=1
/usr/bin/cc  -DCHECK_FUNCTION_EXISTS=pthread_create    -rdynamic CMakeFiles/cmTC_aeb90.dir/CheckFunctionExists.c.o  -o cmTC_aeb90 -lpthreads 
/usr/bin/ld: cannot find -lpthreads
collect2: error: ld returned 1 exit status
make[1]: *** [CMakeFiles/cmTC_aeb90.dir/build.make:87: cmTC_aeb90] Error 1
make[1]: Leaving directory '/home/student/Documents/CPSC223/hw5/CMakeFiles/CMakeTmp'
make: *** [Makefile:121: cmTC_aeb90/fast] Error 2


Determining if the pthread_create exist failed with the following output:
Change Dir: /home/student/Documents/CPSC223/hw5/CMakeFiles/CMakeTmp

Run Build Command:"/usr/bin/make" "cmTC_7d467/fast"
make[1]: Entering directory '/home/student/Documents/CPSC223/hw5/CMakeFiles/CMakeTmp'
/usr/bin/make -f CMakeFiles/cmTC_7d467.dir/build.make CMakeFiles/cmTC_7d467.dir/build
make[2]: Entering directory '/home/student/Documents/CPSC223/hw5/CMakeFiles/CMakeTmp'
Building C object CMakeFiles/cmTC_7d467.dir/CheckSymbolExists.c.o
/usr/bin/cc    -o CMakeFiles/cmTC_7d467.dir/CheckSymbolExists.c.o   -c /home/student/Documents/CPSC223/hw5/CMakeFiles/CMakeTmp/CheckSymbolExists.c
Linking C executable cmTC_7d467
/usr/bin/cmake -E cmake_link_script CMakeFiles/cmTC_7d467.dir/link.txt --verbose=1
/usr/bin/cc      -rdynamic CMakeFiles/cmTC_7d467.dir/CheckSymbolExists.c.o  -o cmTC_7d467 
/usr/bin/ld: CMakeFiles/cmTC_7d467.dir/CheckSymbolExists.c.o: in function `main':
CheckSymbolExists.c:(.text+0x1b): undefined reference to `pthread_create'
collect2: error: ld returned 1 exit status
make[2]: *** [CMakeFiles/cmTC_7d467.dir/build.make:87: cmTC_7d467] Error 1
make[2]: Leaving directory '/home/student/Documents/CPSC223/hw5/CMakeFiles/CMakeTmp'
make[1]: *** [Makefile:121: cmTC_7d467/fast] Error 2
make[1]: Leaving directory '/home/student/Documents/CPSC223/hw5/CMakeFiles/CMakeTmp'

File /home/student/Documents/CPSC223/hw5/CMakeFiles/CMakeTmp/CheckSymbolExists.c:
/* */
#include <pthread.h>

int main(int argc, char** argv)
{
  (void)argv;
#ifndef pthread_create
  return ((int*)(&pthread_create))[argc];
#else
  (void)argc;
  return 0;
#endif
}

Determining if the function pthread_create exists in the pthreads failed with the following output:
Change Dir: /home/student/Documents/CPSC223/hw5/CMakeFiles/CMakeTmp

Run Build Command:"/usr/bin/make" "cmTC_07550/fast"
make[1]: Entering directory '/home/student/Documents/CPSC223/hw5/CMakeFiles/CMakeTmp'
/usr/bin/make -f CMakeFiles/cmTC_07550.dir/build.make CMakeFiles/cmTC_07550.dir/build
make[2]: Entering directory '/home/student/Documents/CPSC223/hw5/CMakeFiles/CMakeTmp'
Building C object CMakeFiles/cmTC_07550.dir/CheckFunctionExists.c.o
/usr/bin/cc   -DCHECK_FUNCTION_EXISTS=pthread_create   -o CMakeFiles/cmTC_07550.dir/CheckFunctionExists.c.o   -c /usr/share/cmake-3.13/Modules/CheckFunctionExists.c
Linking C executable cmTC_07550
/usr/bin/cmake -E cmake_link_script CMakeFiles/cmTC_07550.dir/link.txt --verbose=1
/usr/bin/cc  -DCHECK_FUNCTION_EXISTS=pthread_create    -rdynamic CMakeFiles/cmTC_07550.dir/CheckFunctionExists.c.o  -o cmTC_07550 -lpthreads 
/usr/bin/ld: cannot find -lpthreads
collect2: error: ld returned 1 exit status
make[2]: *** [CMakeFiles/cmTC_07550.dir/build.make:87: cmTC_07550] Error 1
make[2]: Leaving directory '/home/student/Documents/CPSC223/hw5/CMakeFiles/CMakeTmp'
make[1]: *** [Makefile:121: cmTC_07550/fast] Error 2
make[1]: Leaving directory '/home/student/Documents/CPSC223/hw5/CMakeFiles/CMakeTmp'


Determining if the pthread_create exist failed with the following output:
Change Dir: /home/student/Documents/CPSC223/hw5/CMakeFiles/CMakeTmp

Run Build Command:"/usr/bin/make" "cmTC_40efc/fast"
make[1]: Entering directory '/home/student/Documents/CPSC223/hw5/CMakeFiles/CMakeTmp'
/usr/bin/make -f CMakeFiles/cmTC_40efc.dir/build.make CMakeFiles/cmTC_40efc.dir/build
make[2]: Entering directory '/home/student/Documents/CPSC223/hw5/CMakeFiles/CMakeTmp'
Building C object CMakeFiles/cmTC_40efc.dir/CheckSymbolExists.c.o
/usr/bin/cc    -o CMakeFiles/cmTC_40efc.dir/CheckSymbolExists.c.o   -c /home/student/Documents/CPSC223/hw5/CMakeFiles/CMakeTmp/CheckSymbolExists.c
Linking C executable cmTC_40efc
/usr/bin/cmake -E cmake_link_script CMakeFiles/cmTC_40efc.dir/link.txt --verbose=1
/usr/bin/cc      -rdynamic CMakeFiles/cmTC_40efc.dir/CheckSymbolExists.c.o  -o cmTC_40efc 
/usr/bin/ld: CMakeFiles/cmTC_40efc.dir/CheckSymbolExists.c.o: in function `main':
CheckSymbolExists.c:(.text+0x1b): undefined reference to `pthread_create'
collect2: error: ld returned 1 exit status
make[2]: *** [CMakeFiles/cmTC_40efc.dir/build.make:87: cmTC_40efc] Error 1
make[2]: Leaving directory '/home/student/Documents/CPSC223/hw5/CMakeFiles/CMakeTmp'
make[1]: *** [Makefile:121: cmTC_40efc/fast] Error 2
make[1]: Leaving directory '/home/student/Documents/CPSC223/hw5/CMakeFiles/CMakeTmp'

File /home/student/Documents/CPSC223/hw5/CMakeFiles/CMakeTmp/CheckSymbolExists.c:
/* */
#include <pthread.h>

int main(int argc, char** argv)
{
  (void)argv;
#ifndef pthread_create
  return ((int*)(&pthread_create))[argc];
#else
  (void)argc;
  return 0;
#endif
}

Determining if the function pthread_create exists in the pthreads failed with the following output:
Change Dir: /home/student/Documents/CPSC223/hw5/CMakeFiles/CMakeTmp

Run Build Command:"/usr/bin/make" "cmTC_9646b/fast"
make[1]: Entering directory '/home/student/Documents/CPSC223/hw5/CMakeFiles/CMakeTmp'
/usr/bin/make -f CMakeFiles/cmTC_9646b.dir/build.make CMakeFiles/cmTC_9646b.dir/build
make[2]: Entering directory '/home/student/Documents/CPSC223/hw5/CMakeFiles/CMakeTmp'
Building C object CMakeFiles/cmTC_9646b.dir/CheckFunctionExists.c.o
/usr/bin/cc   -DCHECK_FUNCTION_EXISTS=pthread_create   -o CMakeFiles/cmTC_9646b.dir/CheckFunctionExists.c.o   -c /usr/share/cmake-3.13/Modules/CheckFunctionExists.c
Linking C executable cmTC_9646b
/usr/bin/cmake -E cmake_link_script CMakeFiles/cmTC_9646b.dir/link.txt --verbose=1
/usr/bin/cc  -DCHECK_FUNCTION_EXISTS=pthread_create    -rdynamic CMakeFiles/cmTC_9646b.dir/CheckFunctionExists.c.o  -o cmTC_9646b -lpthreads 
/usr/bin/ld: cannot find -lpthreads
collect2: error: ld returned 1 exit status
make[2]: *** [CMakeFiles/cmTC_9646b.dir/build.make:87: cmTC_9646b] Error 1
make[2]: Leaving directory '/home/student/Documents/CPSC223/hw5/CMakeFiles/CMakeTmp'
make[1]: *** [Makefile:121: cmTC_9646b/fast] Error 2
make[1]: Leaving directory '/home/student/Documents/CPSC223/hw5/CMakeFiles/CMakeTmp'


