Determining if the pthread_create exist failed with the following output:
Change Dir: /home/student/Documents/CPSC223/hw3/CMakeFiles/CMakeTmp

Run Build Command:"/usr/bin/make" "cmTC_993ae/fast"
/usr/bin/make -f CMakeFiles/cmTC_993ae.dir/build.make CMakeFiles/cmTC_993ae.dir/build
make[1]: Entering directory '/home/student/Documents/CPSC223/hw3/CMakeFiles/CMakeTmp'
Building C object CMakeFiles/cmTC_993ae.dir/CheckSymbolExists.c.o
/usr/bin/cc    -o CMakeFiles/cmTC_993ae.dir/CheckSymbolExists.c.o   -c /home/student/Documents/CPSC223/hw3/CMakeFiles/CMakeTmp/CheckSymbolExists.c
Linking C executable cmTC_993ae
/usr/bin/cmake -E cmake_link_script CMakeFiles/cmTC_993ae.dir/link.txt --verbose=1
/usr/bin/cc      -rdynamic CMakeFiles/cmTC_993ae.dir/CheckSymbolExists.c.o  -o cmTC_993ae 
/usr/bin/ld: CMakeFiles/cmTC_993ae.dir/CheckSymbolExists.c.o: in function `main':
CheckSymbolExists.c:(.text+0x1b): undefined reference to `pthread_create'
collect2: error: ld returned 1 exit status
make[1]: *** [CMakeFiles/cmTC_993ae.dir/build.make:87: cmTC_993ae] Error 1
make[1]: Leaving directory '/home/student/Documents/CPSC223/hw3/CMakeFiles/CMakeTmp'
make: *** [Makefile:121: cmTC_993ae/fast] Error 2

File /home/student/Documents/CPSC223/hw3/CMakeFiles/CMakeTmp/CheckSymbolExists.c:
/* */
#include <pthread.h>

int main(int argc, char** argv)
{
  (void)argv;
#ifndef pthread_create
  return ((int*)(&pthread_create))[argc];
#else
  (void)argc;
  return 0;
#endif
}

Determining if the function pthread_create exists in the pthreads failed with the following output:
Change Dir: /home/student/Documents/CPSC223/hw3/CMakeFiles/CMakeTmp

Run Build Command:"/usr/bin/make" "cmTC_10608/fast"
/usr/bin/make -f CMakeFiles/cmTC_10608.dir/build.make CMakeFiles/cmTC_10608.dir/build
make[1]: Entering directory '/home/student/Documents/CPSC223/hw3/CMakeFiles/CMakeTmp'
Building C object CMakeFiles/cmTC_10608.dir/CheckFunctionExists.c.o
/usr/bin/cc   -DCHECK_FUNCTION_EXISTS=pthread_create   -o CMakeFiles/cmTC_10608.dir/CheckFunctionExists.c.o   -c /usr/share/cmake-3.13/Modules/CheckFunctionExists.c
Linking C executable cmTC_10608
/usr/bin/cmake -E cmake_link_script CMakeFiles/cmTC_10608.dir/link.txt --verbose=1
/usr/bin/cc  -DCHECK_FUNCTION_EXISTS=pthread_create    -rdynamic CMakeFiles/cmTC_10608.dir/CheckFunctionExists.c.o  -o cmTC_10608 -lpthreads 
/usr/bin/ld: cannot find -lpthreads
collect2: error: ld returned 1 exit status
make[1]: *** [CMakeFiles/cmTC_10608.dir/build.make:87: cmTC_10608] Error 1
make[1]: Leaving directory '/home/student/Documents/CPSC223/hw3/CMakeFiles/CMakeTmp'
make: *** [Makefile:121: cmTC_10608/fast] Error 2


Determining if the pthread_create exist failed with the following output:
Change Dir: /home/student/Documents/CPSC223/hw3/CMakeFiles/CMakeTmp

Run Build Command:"/usr/bin/make" "cmTC_985bd/fast"
make[1]: Entering directory '/home/student/Documents/CPSC223/hw3/CMakeFiles/CMakeTmp'
/usr/bin/make -f CMakeFiles/cmTC_985bd.dir/build.make CMakeFiles/cmTC_985bd.dir/build
make[2]: Entering directory '/home/student/Documents/CPSC223/hw3/CMakeFiles/CMakeTmp'
Building C object CMakeFiles/cmTC_985bd.dir/CheckSymbolExists.c.o
/usr/bin/cc    -o CMakeFiles/cmTC_985bd.dir/CheckSymbolExists.c.o   -c /home/student/Documents/CPSC223/hw3/CMakeFiles/CMakeTmp/CheckSymbolExists.c
Linking C executable cmTC_985bd
/usr/bin/cmake -E cmake_link_script CMakeFiles/cmTC_985bd.dir/link.txt --verbose=1
/usr/bin/cc      -rdynamic CMakeFiles/cmTC_985bd.dir/CheckSymbolExists.c.o  -o cmTC_985bd 
/usr/bin/ld: CMakeFiles/cmTC_985bd.dir/CheckSymbolExists.c.o: in function `main':
CheckSymbolExists.c:(.text+0x1b): undefined reference to `pthread_create'
collect2: error: ld returned 1 exit status
make[2]: *** [CMakeFiles/cmTC_985bd.dir/build.make:87: cmTC_985bd] Error 1
make[2]: Leaving directory '/home/student/Documents/CPSC223/hw3/CMakeFiles/CMakeTmp'
make[1]: *** [Makefile:121: cmTC_985bd/fast] Error 2
make[1]: Leaving directory '/home/student/Documents/CPSC223/hw3/CMakeFiles/CMakeTmp'

File /home/student/Documents/CPSC223/hw3/CMakeFiles/CMakeTmp/CheckSymbolExists.c:
/* */
#include <pthread.h>

int main(int argc, char** argv)
{
  (void)argv;
#ifndef pthread_create
  return ((int*)(&pthread_create))[argc];
#else
  (void)argc;
  return 0;
#endif
}

Determining if the function pthread_create exists in the pthreads failed with the following output:
Change Dir: /home/student/Documents/CPSC223/hw3/CMakeFiles/CMakeTmp

Run Build Command:"/usr/bin/make" "cmTC_76d04/fast"
make[1]: Entering directory '/home/student/Documents/CPSC223/hw3/CMakeFiles/CMakeTmp'
/usr/bin/make -f CMakeFiles/cmTC_76d04.dir/build.make CMakeFiles/cmTC_76d04.dir/build
make[2]: Entering directory '/home/student/Documents/CPSC223/hw3/CMakeFiles/CMakeTmp'
Building C object CMakeFiles/cmTC_76d04.dir/CheckFunctionExists.c.o
/usr/bin/cc   -DCHECK_FUNCTION_EXISTS=pthread_create   -o CMakeFiles/cmTC_76d04.dir/CheckFunctionExists.c.o   -c /usr/share/cmake-3.13/Modules/CheckFunctionExists.c
Linking C executable cmTC_76d04
/usr/bin/cmake -E cmake_link_script CMakeFiles/cmTC_76d04.dir/link.txt --verbose=1
/usr/bin/cc  -DCHECK_FUNCTION_EXISTS=pthread_create    -rdynamic CMakeFiles/cmTC_76d04.dir/CheckFunctionExists.c.o  -o cmTC_76d04 -lpthreads 
/usr/bin/ld: cannot find -lpthreads
collect2: error: ld returned 1 exit status
make[2]: *** [CMakeFiles/cmTC_76d04.dir/build.make:87: cmTC_76d04] Error 1
make[2]: Leaving directory '/home/student/Documents/CPSC223/hw3/CMakeFiles/CMakeTmp'
make[1]: *** [Makefile:121: cmTC_76d04/fast] Error 2
make[1]: Leaving directory '/home/student/Documents/CPSC223/hw3/CMakeFiles/CMakeTmp'


